\BOOKMARK [0][-]{chapter.1}{\376\377\173\054\116\000\172\340}{}% 1
\BOOKMARK [1][-]{section.1.1}{\376\377\116\214\176\247\150\007\230\230}{chapter.1}% 2
\BOOKMARK [2][-]{subsection.1.1.1}{\376\377\126\376}{section.1.1}% 3
\BOOKMARK [2][-]{subsection.1.1.2}{\376\377\210\150}{section.1.1}% 4
\BOOKMARK [3][-]{subsubsection.1.1.2.1}{\376\377\121\154\137\017}{subsection.1.1.2}% 5
\BOOKMARK [3][-]{subsubsection.1.1.2.2}{\376\377\201\032\154\350}{subsection.1.1.2}% 6
\BOOKMARK [0][-]{chapter.2}{\376\377\173\054\116\214\172\340}{}% 7
\BOOKMARK [1][-]{section.2.1}{\376\377\145\207\163\056\137\025\165\050}{chapter.2}% 8
\BOOKMARK [2][-]{subsection.2.1.1}{\376\377\116\011\176\247\150\007\230\230}{section.2.1}% 9
\BOOKMARK [3][-]{subsubsection.2.1.1.1}{\376\377\126\333\176\247\150\007\230\230}{subsection.2.1.1}% 10
\BOOKMARK [0][-]{chapter.3}{\376\377\173\054\116\011\172\340}{}% 11
\BOOKMARK [1][-]{section.3.1}{\376\377\116\214\176\247\150\007\230\230}{chapter.3}% 12
\BOOKMARK [2][-]{subsection.3.1.1}{\376\377\116\011\176\247\150\007\230\230}{section.3.1}% 13
\BOOKMARK [3][-]{subsubsection.3.1.1.1}{\376\377\126\333\176\247\150\007\230\230}{subsection.3.1.1}% 14
\BOOKMARK [0][-]{chapter.4}{\376\377\173\054\116\011\172\340}{}% 15
\BOOKMARK [1][-]{section.4.1}{\376\377\116\214\176\247\150\007\230\230}{chapter.4}% 16
\BOOKMARK [2][-]{subsection.4.1.1}{\376\377\116\011\176\247\150\007\230\230}{section.4.1}% 17
\BOOKMARK [3][-]{subsubsection.4.1.1.1}{\376\377\126\333\176\247\150\007\230\230}{subsection.4.1.1}% 18
\BOOKMARK [-1][-]{subsubsection.4.1.1.1}{\376\377\123\302\200\003\145\207\163\056}{}% 19
\BOOKMARK [-1][-]{chapter*.4}{\376\377\123\321\210\150\213\272\145\207\124\214\123\302\122\240\171\321\170\024\140\305\121\265\213\364\146\016}{}% 20
\BOOKMARK [-1][-]{chapter*.5}{\376\377\201\364\000\040\214\042}{}% 21
